<?xml version="1.0" encoding="UTF-8"?>
<!-- Generated by org.testng.reporters.JUnitReportReporter -->
<testsuite hostname="L-ANILKUMAR-ILB" name="GoogleTest.GoogleBasicElementTest" tests="1" failures="0" timestamp="13 Nov 2014 09:17:11 GMT" time="6.510" errors="0">
  <testcase name="gmailElementSearch" time="6.510" classname="GoogleTest.GoogleBasicElementTest"/>
</testsuite>
